<?xml version="1.0" encoding="UTF-8"?>
<!-- Generated by org.testng.reporters.JUnitXMLReporter -->
<testsuite hostname="GiangTruong" name="Nopackage" tests="3" failures="0" timestamp="7 Nov 2018 06:54:16 GMT" time="28.405" errors="0">
  <testcase name="verifyResponsibleGambling" time="16.939" classname="src.TestNGScript"/>
  <testcase name="verifyBettingRule" time="16.939" classname="src.TestNGScript"/>
  <testcase name="verifyAboutUsPage" time="11.429" classname="src.TestNGScript"/>
</testsuite> <!-- Nopackage -->
