<?xml version="1.0" encoding="UTF-8"?>
<testng-results skipped="0" failed="0" total="3" passed="3">
  <reporter-output>
  </reporter-output>
  <suite name="Suite1" duration-ms="31691" started-at="2018-11-07T06:50:44Z" finished-at="2018-11-07T06:51:15Z">
    <groups>
    </groups>
    <test name="Nopackage" duration-ms="31691" started-at="2018-11-07T06:50:44Z" finished-at="2018-11-07T06:51:15Z">
      <class name="src.TestNGScript">
        <test-method status="PASS" signature="verifyResponsibleGambling()[pri:1, instance:src.TestNGScript@5d3411d]" name="verifyResponsibleGambling" duration-ms="11590" started-at="2018-11-07T13:50:44Z" finished-at="2018-11-07T13:50:55Z">
          <reporter-output>
          </reporter-output>
        </test-method> <!-- verifyResponsibleGambling -->
        <test-method status="PASS" signature="verifyBettingRule()[pri:3, instance:src.TestNGScript@5d3411d]" name="verifyBettingRule" duration-ms="9870" started-at="2018-11-07T13:50:55Z" finished-at="2018-11-07T13:51:05Z">
          <reporter-output>
          </reporter-output>
        </test-method> <!-- verifyBettingRule -->
        <test-method status="PASS" signature="verifyAboutUsPage()[pri:4, instance:src.TestNGScript@5d3411d]" name="verifyAboutUsPage" duration-ms="10213" started-at="2018-11-07T13:51:05Z" finished-at="2018-11-07T13:51:15Z">
          <reporter-output>
          </reporter-output>
        </test-method> <!-- verifyAboutUsPage -->
      </class> <!-- src.TestNGScript -->
    </test> <!-- Nopackage -->
  </suite> <!-- Suite1 -->
</testng-results>
