<?xml version="1.0" encoding="UTF-8"?>
<testng-results skipped="0" failed="0" total="2" passed="2">
  <reporter-output>
  </reporter-output>
  <suite name="Suite1" duration-ms="23078" started-at="2018-11-09T07:06:08Z" finished-at="2018-11-09T07:06:31Z">
    <groups>
    </groups>
    <test name="Nopackage" duration-ms="23078" started-at="2018-11-09T07:06:08Z" finished-at="2018-11-09T07:06:31Z">
      <class name="src.TestNGScript">
        <test-method status="PASS" signature="verifyLogin(java.lang.String, java.lang.String)[pri:0, instance:src.TestNGScript@5fe5c6f]" name="verifyLogin" duration-ms="11374" started-at="2018-11-09T14:06:08Z" data-provider="test1" finished-at="2018-11-09T14:06:19Z">
          <params>
            <param index="0">
              <value>
                <![CDATA[QCGIANG003]]>
              </value>
            </param>
            <param index="1">
              <value>
                <![CDATA[654321]]>
              </value>
            </param>
          </params>
          <reporter-output>
          </reporter-output>
        </test-method> <!-- verifyLogin -->
        <test-method status="PASS" signature="verifyLogin(java.lang.String, java.lang.String)[pri:0, instance:src.TestNGScript@5fe5c6f]" name="verifyLogin" duration-ms="11672" started-at="2018-11-09T14:06:19Z" data-provider="test1" finished-at="2018-11-09T14:06:31Z">
          <params>
            <param index="0">
              <value>
                <![CDATA[QCGIANG001]]>
              </value>
            </param>
            <param index="1">
              <value>
                <![CDATA[123456]]>
              </value>
            </param>
          </params>
          <reporter-output>
          </reporter-output>
        </test-method> <!-- verifyLogin -->
      </class> <!-- src.TestNGScript -->
    </test> <!-- Nopackage -->
  </suite> <!-- Suite1 -->
</testng-results>
