<?xml version="1.0" encoding="UTF-8"?>
<!-- Generated by org.testng.reporters.JUnitXMLReporter -->
<testsuite hostname="GiangTruong" name="Nopackage" tests="3" failures="0" timestamp="7 Nov 2018 06:51:15 GMT" time="31.691" errors="0">
  <testcase name="verifyResponsibleGambling" time="11.59" classname="src.TestNGScript"/>
  <testcase name="verifyBettingRule" time="9.87" classname="src.TestNGScript"/>
  <testcase name="verifyAboutUsPage" time="10.213" classname="src.TestNGScript"/>
</testsuite> <!-- Nopackage -->
