<?xml version="1.0" encoding="UTF-8"?>
<testng-results skipped="0" failed="0" total="3" passed="3">
  <reporter-output>
  </reporter-output>
  <suite name="Suite1" duration-ms="28405" started-at="2018-11-07T06:53:48Z" finished-at="2018-11-07T06:54:16Z">
    <groups>
    </groups>
    <test name="Nopackage" duration-ms="28405" started-at="2018-11-07T06:53:48Z" finished-at="2018-11-07T06:54:16Z">
      <class name="src.TestNGScript">
        <test-method status="PASS" signature="verifyBettingRule()[pri:3, instance:src.TestNGScript@5d3411d]" name="verifyBettingRule" duration-ms="16939" started-at="2018-11-07T13:53:48Z" finished-at="2018-11-07T13:54:05Z">
          <reporter-output>
          </reporter-output>
        </test-method> <!-- verifyBettingRule -->
        <test-method status="PASS" signature="verifyResponsibleGambling()[pri:1, instance:src.TestNGScript@5d3411d]" name="verifyResponsibleGambling" duration-ms="16939" started-at="2018-11-07T13:53:48Z" finished-at="2018-11-07T13:54:05Z">
          <reporter-output>
          </reporter-output>
        </test-method> <!-- verifyResponsibleGambling -->
        <test-method status="PASS" signature="verifyAboutUsPage()[pri:4, instance:src.TestNGScript@5d3411d]" name="verifyAboutUsPage" duration-ms="11429" started-at="2018-11-07T13:54:05Z" finished-at="2018-11-07T13:54:16Z">
          <reporter-output>
          </reporter-output>
        </test-method> <!-- verifyAboutUsPage -->
      </class> <!-- src.TestNGScript -->
    </test> <!-- Nopackage -->
  </suite> <!-- Suite1 -->
</testng-results>
